<?xml version="1.0" encoding="UTF-8"?>
<testsuite xmlns:xsi="http://www.w3.org/2001/XMLSchema-instance" xsi:noNamespaceSchemaLocation="https://maven.apache.org/surefire/maven-surefire-plugin/xsd/surefire-test-report-3.0.xsd" version="3.0" name="edu.iu.p566.prime_service.service.PrimeServiceTest" time="0.026" tests="3" errors="0" skipped="0" failures="0">
  <properties>
[...]
</properties>
  <testcase name="_231312312131312isPrime" classname="edu.iu.p566.prime_service.service.PrimeServiceTest" time="0.017"/>
  <testcase name="_285191isPrime" classname="edu.iu.p566.prime_service.service.PrimeServiceTest" time="0.006"/>
  <testcase name="isPrime" classname="edu.iu.p566.prime_service.service.PrimeServiceTest" time="0.0"/>
</testsuite>